# JRE version: OpenJDK Runtime Environment (21.0.4) (build 21.0.4+-12508038-b607.1)
# Java VM: OpenJDK 64-Bit Server VM (21.0.4+-12508038-b607.1, mixed mode, tiered, compressed oops, compressed class ptrs, g1 gc, windows-amd64)
GC Precious Log:
 CardTable entry size: 512
 Card Set container configuration: InlinePtr #cards 5 size 8 Array Of Cards #cards 12 size 40 Howl #buckets 4 coarsen threshold 1843 Howl Bitmap #cards 512 size 80 coarsen threshold 460 Card regions per heap region 1 cards per card region 2048
 CPUs: 8 total, 8 available
 Memory: 16279M
 Large Page Support: Disabled
 NUMA Support: Disabled
 Compressed Oops: Enabled (32-bit)
 Heap Region Size: 1M
 Heap Min Capacity: 8M
 Heap Initial Capacity: 256M
 Heap Max Capacity: 2G
 Pre-touch: Disabled
 Parallel Workers: 8
 Concurrent Workers: 2
 Concurrent Refinement Workers: 8
 Periodic GC: Disabled
Heap:
 garbage-first heap   total 384000K, used 317396K [0x0000000080000000, 0x0000000100000000)
  region size 1024K, 95 young (97280K), 12 survivors (12288K)
 Metaspace       used 192548K, committed 195392K, reserved 1245184K
  class space    used 24404K, committed 25856K, reserved 1048576K
GC Heap History (20 events):
Event: 681.168 GC heap before
{Heap before GC invocations=58 (full 0):
 garbage-first heap   total 321536K, used 256683K [0x0000000080000000, 0x0000000100000000)
  region size 1024K, 75 young (76800K), 12 survivors (12288K)
 Metaspace       used 160446K, committed 163008K, reserved 1245184K
  class space    used 20299K, committed 21632K, reserved 1048576K
}
Event: 681.182 GC heap after
{Heap after GC invocations=59 (full 0):
 garbage-first heap   total 321536K, used 199402K [0x0000000080000000, 0x0000000100000000)
  region size 1024K, 7 young (7168K), 7 survivors (7168K)
 Metaspace       used 160446K, committed 163008K, reserved 1245184K
  class space    used 20299K, committed 21632K, reserved 1048576K
}
Event: 682.841 GC heap before
{Heap before GC invocations=59 (full 0):
 garbage-first heap   total 321536K, used 286442K [0x0000000080000000, 0x0000000100000000)
  region size 1024K, 92 young (94208K), 7 survivors (7168K)
 Metaspace       used 165300K, committed 167872K, reserved 1245184K
  class space    used 20661K, committed 22016K, reserved 1048576K
}
Event: 682.852 GC heap after
{Heap after GC invocations=60 (full 0):
 garbage-first heap   total 321536K, used 204374K [0x0000000080000000, 0x0000000100000000)
  region size 1024K, 12 young (12288K), 12 survivors (12288K)
 Metaspace       used 165300K, committed 167872K, reserved 1245184K
  class space    used 20661K, committed 22016K, reserved 1048576K
}
Event: 683.078 GC heap before
{Heap before GC invocations=60 (full 0):
 garbage-first heap   total 321536K, used 227926K [0x0000000080000000, 0x0000000100000000)
  region size 1024K, 36 young (36864K), 12 survivors (12288K)
 Metaspace       used 167125K, committed 169728K, reserved 1245184K
  class space    used 20920K, committed 22272K, reserved 1048576K
}
Event: 683.087 GC heap after
{Heap after GC invocations=61 (full 0):
 garbage-first heap   total 321536K, used 207742K [0x0000000080000000, 0x0000000100000000)
  region size 1024K, 3 young (3072K), 3 survivors (3072K)
 Metaspace       used 167125K, committed 169728K, reserved 1245184K
  class space    used 20920K, committed 22272K, reserved 1048576K
}
Event: 684.133 GC heap before
{Heap before GC invocations=62 (full 0):
 garbage-first heap   total 350208K, used 293758K [0x0000000080000000, 0x0000000100000000)
  region size 1024K, 86 young (88064K), 3 survivors (3072K)
 Metaspace       used 173362K, committed 176064K, reserved 1245184K
  class space    used 21945K, committed 23360K, reserved 1048576K
}
Event: 684.137 GC heap after
{Heap after GC invocations=63 (full 0):
 garbage-first heap   total 350208K, used 209340K [0x0000000080000000, 0x0000000100000000)
  region size 1024K, 5 young (5120K), 5 survivors (5120K)
 Metaspace       used 173362K, committed 176064K, reserved 1245184K
  class space    used 21945K, committed 23360K, reserved 1048576K
}
Event: 686.347 GC heap before
{Heap before GC invocations=63 (full 0):
 garbage-first heap   total 350208K, used 335292K [0x0000000080000000, 0x0000000100000000)
  region size 1024K, 110 young (112640K), 5 survivors (5120K)
 Metaspace       used 182378K, committed 185152K, reserved 1245184K
  class space    used 23087K, committed 24512K, reserved 1048576K
}
Event: 686.361 GC heap after
{Heap after GC invocations=64 (full 0):
 garbage-first heap   total 359424K, used 227251K [0x0000000080000000, 0x0000000100000000)
  region size 1024K, 14 young (14336K), 14 survivors (14336K)
 Metaspace       used 182378K, committed 185152K, reserved 1245184K
  class space    used 23087K, committed 24512K, reserved 1048576K
}
Event: 687.997 GC heap before
{Heap before GC invocations=64 (full 0):
 garbage-first heap   total 359424K, used 325555K [0x0000000080000000, 0x0000000100000000)
  region size 1024K, 110 young (112640K), 14 survivors (14336K)
 Metaspace       used 182381K, committed 185152K, reserved 1245184K
  class space    used 23087K, committed 24512K, reserved 1048576K
}
Event: 688.006 GC heap after
{Heap after GC invocations=65 (full 0):
 garbage-first heap   total 359424K, used 232218K [0x0000000080000000, 0x0000000100000000)
  region size 1024K, 7 young (7168K), 7 survivors (7168K)
 Metaspace       used 182381K, committed 185152K, reserved 1245184K
  class space    used 23087K, committed 24512K, reserved 1048576K
}
Event: 689.833 GC heap before
{Heap before GC invocations=66 (full 0):
 garbage-first heap   total 384000K, used 326426K [0x0000000080000000, 0x0000000100000000)
  region size 1024K, 102 young (104448K), 7 survivors (7168K)
 Metaspace       used 182381K, committed 185152K, reserved 1245184K
  class space    used 23087K, committed 24512K, reserved 1048576K
}
Event: 689.839 GC heap after
{Heap after GC invocations=67 (full 0):
 garbage-first heap   total 384000K, used 232640K [0x0000000080000000, 0x0000000100000000)
  region size 1024K, 10 young (10240K), 10 survivors (10240K)
 Metaspace       used 182381K, committed 185152K, reserved 1245184K
  class space    used 23087K, committed 24512K, reserved 1048576K
}
Event: 692.227 GC heap before
{Heap before GC invocations=67 (full 0):
 garbage-first heap   total 384000K, used 349376K [0x0000000080000000, 0x0000000100000000)
  region size 1024K, 124 young (126976K), 10 survivors (10240K)
 Metaspace       used 182381K, committed 185152K, reserved 1245184K
  class space    used 23087K, committed 24512K, reserved 1048576K
}
Event: 692.234 GC heap after
{Heap after GC invocations=68 (full 0):
 garbage-first heap   total 384000K, used 224610K [0x0000000080000000, 0x0000000100000000)
  region size 1024K, 11 young (11264K), 11 survivors (11264K)
 Metaspace       used 182381K, committed 185152K, reserved 1245184K
  class space    used 23087K, committed 24512K, reserved 1048576K
}
Event: 694.717 GC heap before
{Heap before GC invocations=68 (full 0):
 garbage-first heap   total 384000K, used 348514K [0x0000000080000000, 0x0000000100000000)
  region size 1024K, 132 young (135168K), 11 survivors (11264K)
 Metaspace       used 182381K, committed 185152K, reserved 1245184K
  class space    used 23087K, committed 24512K, reserved 1048576K
}
Event: 694.725 GC heap after
{Heap after GC invocations=69 (full 0):
 garbage-first heap   total 384000K, used 228185K [0x0000000080000000, 0x0000000100000000)
  region size 1024K, 10 young (10240K), 10 survivors (10240K)
 Metaspace       used 182381K, committed 185152K, reserved 1245184K
  class space    used 23087K, committed 24512K, reserved 1048576K
}
Event: 700.353 GC heap before
{Heap before GC invocations=70 (full 0):
 garbage-first heap   total 384000K, used 354137K [0x0000000080000000, 0x0000000100000000)
  region size 1024K, 132 young (135168K), 10 survivors (10240K)
 Metaspace       used 184290K, committed 187136K, reserved 1245184K
  class space    used 23229K, committed 24704K, reserved 1048576K
}
Event: 700.369 GC heap after
{Heap after GC invocations=71 (full 0):
 garbage-first heap   total 384000K, used 233428K [0x0000000080000000, 0x0000000100000000)
  region size 1024K, 12 young (12288K), 12 survivors (12288K)
 Metaspace       used 184290K, committed 187136K, reserved 1245184K
  class space    used 23229K, committed 24704K, reserved 1048576K
}

